INFO:database_sqlite3:Created Employee: John Smith - John.Smith@email.com
INFO:database_sqlite3:Created Employee: Corey Schafer - Corey.Schafer@email.com
INFO:database_sqlite3:Created Employee: Jane YOLO - Jane.YOLO@email.com
INFO:database_sqlite3:Created Employee: John Smith - John.Smith@email.com
INFO:database_sqlite3:Created Employee: Corey Schafer - Corey.Schafer@email.com
INFO:database_sqlite3:Created Employee: Jane YOLO - Jane.YOLO@email.com
INFO:database_sqlite3:Created Employee: John Smith - John.Smith@email.com
INFO:database_sqlite3:Created Employee: Corey Schafer - Corey.Schafer@email.com
INFO:database_sqlite3:Created Employee: Jane YOLO - Jane.YOLO@email.com
2018-11-25 14:13:46,348:ERROR:Tried to divide by zero
INFO:database_sqlite3:Created Employee: John Smith - John.Smith@email.com
INFO:database_sqlite3:Created Employee: Corey Schafer - Corey.Schafer@email.com
INFO:database_sqlite3:Created Employee: Jane YOLO - Jane.YOLO@email.com
2018-11-25 14:14:14,182:ERROR:Tried to divide by zero
INFO:database_sqlite3:Created Employee: John Smith - John.Smith@email.com
INFO:database_sqlite3:Created Employee: Corey Schafer - Corey.Schafer@email.com
INFO:database_sqlite3:Created Employee: Jane YOLO - Jane.YOLO@email.com
INFO:database_sqlite3:Created Employee: John Smith - John.Smith@email.com
INFO:database_sqlite3:Created Employee: Corey Schafer - Corey.Schafer@email.com
INFO:database_sqlite3:Created Employee: Jane YOLO - Jane.YOLO@email.com
INFO:__main__:Created Employee: John Smith - John.Smith@email.com
INFO:__main__:Created Employee: Corey Schafer - Corey.Schafer@email.com
INFO:__main__:Created Employee: Jane YOLO - Jane.YOLO@email.com
